<?xml version="1.0" encoding="UTF-8"?>
<testng-results ignored="0" total="1" passed="1" failed="0" skipped="0">
  <reporter-output>
  </reporter-output>
  <suite started-at="2023-07-31T11:20:52 IST" name="Default suite" finished-at="2023-07-31T11:21:08 IST" duration-ms="15453">
    <groups>
    </groups>
    <test started-at="2023-07-31T11:20:52 IST" name="Default test" finished-at="2023-07-31T11:21:08 IST" duration-ms="15453">
      <class name="NewPrgm.Wapplyzer">
        <test-method is-config="true" signature="setup()[pri:0, instance:NewPrgm.Wapplyzer@52af26ee]" started-at="2023-07-31T11:20:52 IST" name="setup" finished-at="2023-07-31T11:20:58 IST" duration-ms="6337" status="PASS">
          <reporter-output>
          </reporter-output>
        </test-method> <!-- setup -->
        <test-method is-config="true" signature="urlloading()[pri:0, instance:NewPrgm.Wapplyzer@52af26ee]" started-at="2023-07-31T11:20:58 IST" name="urlloading" finished-at="2023-07-31T11:21:05 IST" duration-ms="6766" status="PASS">
          <reporter-output>
          </reporter-output>
        </test-method> <!-- urlloading -->
        <test-method signature="testing()[pri:0, instance:NewPrgm.Wapplyzer@52af26ee]" started-at="2023-07-31T11:21:05 IST" name="testing" finished-at="2023-07-31T11:21:08 IST" duration-ms="2260" status="PASS">
          <reporter-output>
          </reporter-output>
        </test-method> <!-- testing -->
      </class> <!-- NewPrgm.Wapplyzer -->
    </test> <!-- Default test -->
  </suite> <!-- Default suite -->
</testng-results>
